ChenYusong_ImageSearch_Android_CLIP_ncnn/app/build/intermediates/manifest_merge_blame_file/debug/manifest-merger-blame-debug-report.txt
1<?xml version="1.0" encoding="utf-8"?>
2<manifest xmlns:android="http://schemas.android.com/apk/res/android"
3    package="com.ChenYusong.ImageSearch"
4    android:versionCode="1"
5    android:versionName="test" >
6
7    <uses-sdk android:minSdkVersion="24" />
7-->src\main\AndroidManifest.xml
8
9    <uses-permission android:name="android.permission.READ_EXTERNAL_STORAGE" />
9-->src\main\AndroidManifest.xml:6:5-80
9-->src\main\AndroidManifest.xml:6:22-77
10    <uses-permission android:name="android.permission.WRITE_EXTERNAL_STORAGE" />
10-->src\main\AndroidManifest.xml:7:5-81
10-->src\main\AndroidManifest.xml:7:22-78
11
12    <application
12-->src\main\AndroidManifest.xml:9:5-20:19
13        android:debuggable="true"
14        android:label="@string/app_name"
14-->src\main\AndroidManifest.xml:9:18-50
15        android:testOnly="true" >
16        <activity
16-->src\main\AndroidManifest.xml:10:9-18:20
17            android:name="com.ChenYusong.ImageSearch.MainActivity"
17-->src\main\AndroidManifest.xml:10:19-46
18            android:icon="@drawable/icon"
18-->src\main\AndroidManifest.xml:12:19-48
19            android:label="@string/app_name"
19-->src\main\AndroidManifest.xml:11:19-51
20            android:screenOrientation="portrait" >
20-->src\main\AndroidManifest.xml:13:19-55
21            <intent-filter>
21-->src\main\AndroidManifest.xml:14:13-17:29
22                <action android:name="android.intent.action.MAIN" />
22-->src\main\AndroidManifest.xml:15:17-69
22-->src\main\AndroidManifest.xml:15:25-66
23
24                <category android:name="android.intent.category.LAUNCHER" />
24-->src\main\AndroidManifest.xml:16:17-77
24-->src\main\AndroidManifest.xml:16:27-74
25            </intent-filter>
26        </activity>
27    </application>
28
29</manifest>